[0.008s] Invoking command in '/home/sgq/ros2_workspace/build/my_robot_bringup': CMAKE_PREFIX_PATH=/home/sgq/ros2_workspace/install/my_robot_description:/home/sgq/ros2_workspace/install/my_robot_bringup:/home/sgq/ros2_ws/install/my_robot_bringup:/home/sgq/ros2_ws/install/my_cpp_pkg:/home/sgq/ros2_ws/install/my_robot_interfaces:/opt/ros/jazzy/opt/gz_sim_vendor:/opt/ros/jazzy/opt/gz_sensors_vendor:/opt/ros/jazzy/opt/gz_physics_vendor:/opt/ros/jazzy/opt/sdformat_vendor:/opt/ros/jazzy/opt/gz_gui_vendor:/opt/ros/jazzy/opt/gz_transport_vendor:/opt/ros/jazzy/opt/gz_rendering_vendor:/opt/ros/jazzy/opt/gz_plugin_vendor:/opt/ros/jazzy/opt/gz_fuel_tools_vendor:/opt/ros/jazzy/opt/gz_msgs_vendor:/opt/ros/jazzy/opt/gz_common_vendor:/opt/ros/jazzy/opt/gz_math_vendor:/opt/ros/jazzy/opt/gz_utils_vendor:/opt/ros/jazzy/opt/gz_tools_vendor:/opt/ros/jazzy/opt/gz_ogre_next_vendor:/opt/ros/jazzy/opt/gz_dartsim_vendor:/opt/ros/jazzy/opt/gz_cmake_vendor:/home/sgq/ros2_ws/install/turtlesim_catch_them_all:/home/sgq/ros2_ws/install/my_py_pkg:/opt/ros/jazzy DEBUGINFOD_URLS=https://debuginfod.ubuntu.com /usr/bin/cmake --build /home/sgq/ros2_workspace/build/my_robot_bringup -- -j16 -l16
[0.041s] -- Found ament_cmake: 2.5.3 (/opt/ros/jazzy/share/ament_cmake/cmake)
[0.199s] -- Override CMake install command with custom implementation using symlinks instead of copying resources
[0.278s] -- Configuring done (0.2s)
[0.283s] -- Generating done (0.0s)
[0.284s] -- Build files have been written to: /home/sgq/ros2_workspace/build/my_robot_bringup
[0.308s] Invoked command in '/home/sgq/ros2_workspace/build/my_robot_bringup' returned '0': CMAKE_PREFIX_PATH=/home/sgq/ros2_workspace/install/my_robot_description:/home/sgq/ros2_workspace/install/my_robot_bringup:/home/sgq/ros2_ws/install/my_robot_bringup:/home/sgq/ros2_ws/install/my_cpp_pkg:/home/sgq/ros2_ws/install/my_robot_interfaces:/opt/ros/jazzy/opt/gz_sim_vendor:/opt/ros/jazzy/opt/gz_sensors_vendor:/opt/ros/jazzy/opt/gz_physics_vendor:/opt/ros/jazzy/opt/sdformat_vendor:/opt/ros/jazzy/opt/gz_gui_vendor:/opt/ros/jazzy/opt/gz_transport_vendor:/opt/ros/jazzy/opt/gz_rendering_vendor:/opt/ros/jazzy/opt/gz_plugin_vendor:/opt/ros/jazzy/opt/gz_fuel_tools_vendor:/opt/ros/jazzy/opt/gz_msgs_vendor:/opt/ros/jazzy/opt/gz_common_vendor:/opt/ros/jazzy/opt/gz_math_vendor:/opt/ros/jazzy/opt/gz_utils_vendor:/opt/ros/jazzy/opt/gz_tools_vendor:/opt/ros/jazzy/opt/gz_ogre_next_vendor:/opt/ros/jazzy/opt/gz_dartsim_vendor:/opt/ros/jazzy/opt/gz_cmake_vendor:/home/sgq/ros2_ws/install/turtlesim_catch_them_all:/home/sgq/ros2_ws/install/my_py_pkg:/opt/ros/jazzy DEBUGINFOD_URLS=https://debuginfod.ubuntu.com /usr/bin/cmake --build /home/sgq/ros2_workspace/build/my_robot_bringup -- -j16 -l16
[0.309s] Invoking command in '/home/sgq/ros2_workspace/build/my_robot_bringup': CMAKE_PREFIX_PATH=/home/sgq/ros2_workspace/install/my_robot_description:/home/sgq/ros2_workspace/install/my_robot_bringup:/home/sgq/ros2_ws/install/my_robot_bringup:/home/sgq/ros2_ws/install/my_cpp_pkg:/home/sgq/ros2_ws/install/my_robot_interfaces:/opt/ros/jazzy/opt/gz_sim_vendor:/opt/ros/jazzy/opt/gz_sensors_vendor:/opt/ros/jazzy/opt/gz_physics_vendor:/opt/ros/jazzy/opt/sdformat_vendor:/opt/ros/jazzy/opt/gz_gui_vendor:/opt/ros/jazzy/opt/gz_transport_vendor:/opt/ros/jazzy/opt/gz_rendering_vendor:/opt/ros/jazzy/opt/gz_plugin_vendor:/opt/ros/jazzy/opt/gz_fuel_tools_vendor:/opt/ros/jazzy/opt/gz_msgs_vendor:/opt/ros/jazzy/opt/gz_common_vendor:/opt/ros/jazzy/opt/gz_math_vendor:/opt/ros/jazzy/opt/gz_utils_vendor:/opt/ros/jazzy/opt/gz_tools_vendor:/opt/ros/jazzy/opt/gz_ogre_next_vendor:/opt/ros/jazzy/opt/gz_dartsim_vendor:/opt/ros/jazzy/opt/gz_cmake_vendor:/home/sgq/ros2_ws/install/turtlesim_catch_them_all:/home/sgq/ros2_ws/install/my_py_pkg:/opt/ros/jazzy DEBUGINFOD_URLS=https://debuginfod.ubuntu.com /usr/bin/cmake --install /home/sgq/ros2_workspace/build/my_robot_bringup
[0.317s] -- Install configuration: ""
[0.317s] -- Execute custom install script
[0.318s] -- Up-to-date symlink: /home/sgq/ros2_workspace/install/my_robot_bringup/share/my_robot_bringup//launch/my_robot_gazebo.launch.xml
[0.318s] -- Symlinking: /home/sgq/ros2_workspace/install/my_robot_bringup/share/my_robot_bringup//config/gazebo_bridge.yaml
[0.327s] -- Up-to-date symlink: /home/sgq/ros2_workspace/install/my_robot_bringup/share/ament_index/resource_index/package_run_dependencies/my_robot_bringup
[0.327s] -- Up-to-date symlink: /home/sgq/ros2_workspace/install/my_robot_bringup/share/ament_index/resource_index/parent_prefix_path/my_robot_bringup
[0.327s] -- Up-to-date symlink: /home/sgq/ros2_workspace/install/my_robot_bringup/share/my_robot_bringup/environment/ament_prefix_path.sh
[0.328s] -- Up-to-date symlink: /home/sgq/ros2_workspace/install/my_robot_bringup/share/my_robot_bringup/environment/ament_prefix_path.dsv
[0.328s] -- Up-to-date symlink: /home/sgq/ros2_workspace/install/my_robot_bringup/share/my_robot_bringup/environment/path.sh
[0.328s] -- Up-to-date symlink: /home/sgq/ros2_workspace/install/my_robot_bringup/share/my_robot_bringup/environment/path.dsv
[0.328s] -- Up-to-date symlink: /home/sgq/ros2_workspace/install/my_robot_bringup/share/my_robot_bringup/local_setup.bash
[0.328s] -- Up-to-date symlink: /home/sgq/ros2_workspace/install/my_robot_bringup/share/my_robot_bringup/local_setup.sh
[0.328s] -- Up-to-date symlink: /home/sgq/ros2_workspace/install/my_robot_bringup/share/my_robot_bringup/local_setup.zsh
[0.328s] -- Up-to-date symlink: /home/sgq/ros2_workspace/install/my_robot_bringup/share/my_robot_bringup/local_setup.dsv
[0.328s] -- Symlinking: /home/sgq/ros2_workspace/install/my_robot_bringup/share/my_robot_bringup/package.dsv
[0.337s] -- Up-to-date symlink: /home/sgq/ros2_workspace/install/my_robot_bringup/share/ament_index/resource_index/packages/my_robot_bringup
[0.337s] -- Up-to-date symlink: /home/sgq/ros2_workspace/install/my_robot_bringup/share/my_robot_bringup/cmake/my_robot_bringupConfig.cmake
[0.337s] -- Up-to-date symlink: /home/sgq/ros2_workspace/install/my_robot_bringup/share/my_robot_bringup/cmake/my_robot_bringupConfig-version.cmake
[0.337s] -- Up-to-date symlink: /home/sgq/ros2_workspace/install/my_robot_bringup/share/my_robot_bringup/package.xml
[0.339s] Invoked command in '/home/sgq/ros2_workspace/build/my_robot_bringup' returned '0': CMAKE_PREFIX_PATH=/home/sgq/ros2_workspace/install/my_robot_description:/home/sgq/ros2_workspace/install/my_robot_bringup:/home/sgq/ros2_ws/install/my_robot_bringup:/home/sgq/ros2_ws/install/my_cpp_pkg:/home/sgq/ros2_ws/install/my_robot_interfaces:/opt/ros/jazzy/opt/gz_sim_vendor:/opt/ros/jazzy/opt/gz_sensors_vendor:/opt/ros/jazzy/opt/gz_physics_vendor:/opt/ros/jazzy/opt/sdformat_vendor:/opt/ros/jazzy/opt/gz_gui_vendor:/opt/ros/jazzy/opt/gz_transport_vendor:/opt/ros/jazzy/opt/gz_rendering_vendor:/opt/ros/jazzy/opt/gz_plugin_vendor:/opt/ros/jazzy/opt/gz_fuel_tools_vendor:/opt/ros/jazzy/opt/gz_msgs_vendor:/opt/ros/jazzy/opt/gz_common_vendor:/opt/ros/jazzy/opt/gz_math_vendor:/opt/ros/jazzy/opt/gz_utils_vendor:/opt/ros/jazzy/opt/gz_tools_vendor:/opt/ros/jazzy/opt/gz_ogre_next_vendor:/opt/ros/jazzy/opt/gz_dartsim_vendor:/opt/ros/jazzy/opt/gz_cmake_vendor:/home/sgq/ros2_ws/install/turtlesim_catch_them_all:/home/sgq/ros2_ws/install/my_py_pkg:/opt/ros/jazzy DEBUGINFOD_URLS=https://debuginfod.ubuntu.com /usr/bin/cmake --install /home/sgq/ros2_workspace/build/my_robot_bringup
