[0.011s] Invoking command in '/home/sgq/ros2_workspace/build/my_robot_description': CMAKE_PREFIX_PATH=${CMAKE_PREFIX_PATH}:/home/sgq/ros2_ws/install/turtlesim_catch_them_all:/home/sgq/ros2_ws/install/my_py_pkg:/opt/ros/jazzy DEBUGINFOD_URLS=https://debuginfod.ubuntu.com /usr/bin/cmake --build /home/sgq/ros2_workspace/build/my_robot_description -- -j16 -l16
[0.033s] -- Found ament_cmake: 2.5.3 (/opt/ros/jazzy/share/ament_cmake/cmake)
[0.177s] -- Override CMake install command with custom implementation using symlinks instead of copying resources
[0.239s] -- Configuring done (0.2s)
[0.241s] -- Generating done (0.0s)
[0.242s] -- Build files have been written to: /home/sgq/ros2_workspace/build/my_robot_description
[0.265s] Invoked command in '/home/sgq/ros2_workspace/build/my_robot_description' returned '0': CMAKE_PREFIX_PATH=${CMAKE_PREFIX_PATH}:/home/sgq/ros2_ws/install/turtlesim_catch_them_all:/home/sgq/ros2_ws/install/my_py_pkg:/opt/ros/jazzy DEBUGINFOD_URLS=https://debuginfod.ubuntu.com /usr/bin/cmake --build /home/sgq/ros2_workspace/build/my_robot_description -- -j16 -l16
[0.275s] Invoking command in '/home/sgq/ros2_workspace/build/my_robot_description': CMAKE_PREFIX_PATH=${CMAKE_PREFIX_PATH}:/home/sgq/ros2_ws/install/turtlesim_catch_them_all:/home/sgq/ros2_ws/install/my_py_pkg:/opt/ros/jazzy DEBUGINFOD_URLS=https://debuginfod.ubuntu.com /usr/bin/cmake --install /home/sgq/ros2_workspace/build/my_robot_description
[0.282s] -- Install configuration: ""
[0.282s] -- Execute custom install script
[0.282s] -- Up-to-date symlink: /home/sgq/ros2_workspace/install/my_robot_description/share/my_robot_description//urdf/common_properties.xacro
[0.282s] -- Up-to-date symlink: /home/sgq/ros2_workspace/install/my_robot_description/share/my_robot_description//urdf/mobile_base.xacro
[0.282s] -- Up-to-date symlink: /home/sgq/ros2_workspace/install/my_robot_description/share/my_robot_description//urdf/mobile_base_gazebo.xacro
[0.283s] -- Up-to-date symlink: /home/sgq/ros2_workspace/install/my_robot_description/share/my_robot_description//urdf/my_robot.urdf.xacro
[0.283s] -- Up-to-date symlink: /home/sgq/ros2_workspace/install/my_robot_description/share/my_robot_description//launch/display.launch.py
[0.283s] -- Up-to-date symlink: /home/sgq/ros2_workspace/install/my_robot_description/share/my_robot_description//launch/display.launch.xml
[0.283s] -- Up-to-date symlink: /home/sgq/ros2_workspace/install/my_robot_description/share/my_robot_description//rviz/urdf_config.rviz
[0.283s] -- Up-to-date symlink: /home/sgq/ros2_workspace/install/my_robot_description/share/ament_index/resource_index/package_run_dependencies/my_robot_description
[0.283s] -- Up-to-date symlink: /home/sgq/ros2_workspace/install/my_robot_description/share/ament_index/resource_index/parent_prefix_path/my_robot_description
[0.283s] -- Up-to-date symlink: /home/sgq/ros2_workspace/install/my_robot_description/share/my_robot_description/environment/ament_prefix_path.sh
[0.283s] -- Up-to-date symlink: /home/sgq/ros2_workspace/install/my_robot_description/share/my_robot_description/environment/ament_prefix_path.dsv
[0.283s] -- Up-to-date symlink: /home/sgq/ros2_workspace/install/my_robot_description/share/my_robot_description/environment/path.sh
[0.283s] -- Up-to-date symlink: /home/sgq/ros2_workspace/install/my_robot_description/share/my_robot_description/environment/path.dsv
[0.284s] -- Up-to-date symlink: /home/sgq/ros2_workspace/install/my_robot_description/share/my_robot_description/local_setup.bash
[0.284s] -- Up-to-date symlink: /home/sgq/ros2_workspace/install/my_robot_description/share/my_robot_description/local_setup.sh
[0.284s] -- Up-to-date symlink: /home/sgq/ros2_workspace/install/my_robot_description/share/my_robot_description/local_setup.zsh
[0.284s] -- Up-to-date symlink: /home/sgq/ros2_workspace/install/my_robot_description/share/my_robot_description/local_setup.dsv
[0.284s] -- Symlinking: /home/sgq/ros2_workspace/install/my_robot_description/share/my_robot_description/package.dsv
[0.293s] -- Up-to-date symlink: /home/sgq/ros2_workspace/install/my_robot_description/share/ament_index/resource_index/packages/my_robot_description
[0.293s] -- Up-to-date symlink: /home/sgq/ros2_workspace/install/my_robot_description/share/my_robot_description/cmake/my_robot_descriptionConfig.cmake
[0.293s] -- Up-to-date symlink: /home/sgq/ros2_workspace/install/my_robot_description/share/my_robot_description/cmake/my_robot_descriptionConfig-version.cmake
[0.293s] -- Up-to-date symlink: /home/sgq/ros2_workspace/install/my_robot_description/share/my_robot_description/package.xml
[0.295s] Invoked command in '/home/sgq/ros2_workspace/build/my_robot_description' returned '0': CMAKE_PREFIX_PATH=${CMAKE_PREFIX_PATH}:/home/sgq/ros2_ws/install/turtlesim_catch_them_all:/home/sgq/ros2_ws/install/my_py_pkg:/opt/ros/jazzy DEBUGINFOD_URLS=https://debuginfod.ubuntu.com /usr/bin/cmake --install /home/sgq/ros2_workspace/build/my_robot_description
