[0.008s] Invoking command in '/home/sgq/ros2_workspace/build/my_robot_description': CMAKE_PREFIX_PATH=${CMAKE_PREFIX_PATH}:/home/sgq/ros2_ws/install/turtlesim_catch_them_all:/home/sgq/ros2_ws/install/my_py_pkg:/opt/ros/jazzy DEBUGINFOD_URLS=https://debuginfod.ubuntu.com /usr/bin/cmake --build /home/sgq/ros2_workspace/build/my_robot_description -- -j16 -l16
[0.030s] -- Found ament_cmake: 2.5.2 (/opt/ros/jazzy/share/ament_cmake/cmake)
[0.253s] -- Configuring done (0.2s)
[0.255s] -- Generating done (0.0s)
[0.256s] -- Build files have been written to: /home/sgq/ros2_workspace/build/my_robot_description
[0.280s] Invoked command in '/home/sgq/ros2_workspace/build/my_robot_description' returned '0': CMAKE_PREFIX_PATH=${CMAKE_PREFIX_PATH}:/home/sgq/ros2_ws/install/turtlesim_catch_them_all:/home/sgq/ros2_ws/install/my_py_pkg:/opt/ros/jazzy DEBUGINFOD_URLS=https://debuginfod.ubuntu.com /usr/bin/cmake --build /home/sgq/ros2_workspace/build/my_robot_description -- -j16 -l16
[0.290s] Invoking command in '/home/sgq/ros2_workspace/build/my_robot_description': CMAKE_PREFIX_PATH=${CMAKE_PREFIX_PATH}:/home/sgq/ros2_ws/install/turtlesim_catch_them_all:/home/sgq/ros2_ws/install/my_py_pkg:/opt/ros/jazzy DEBUGINFOD_URLS=https://debuginfod.ubuntu.com /usr/bin/cmake --install /home/sgq/ros2_workspace/build/my_robot_description
[0.299s] -- Install configuration: ""
[0.299s] -- Up-to-date: /home/sgq/ros2_workspace/install/my_robot_description/share/my_robot_description//urdf
[0.299s] -- Up-to-date: /home/sgq/ros2_workspace/install/my_robot_description/share/my_robot_description//urdf/my_robot.urdf
[0.299s] -- Installing: /home/sgq/ros2_workspace/install/my_robot_description/share/my_robot_description//launch
[0.299s] -- Installing: /home/sgq/ros2_workspace/install/my_robot_description/share/my_robot_description//launch/display.launch.xml
[0.299s] -- Up-to-date: /home/sgq/ros2_workspace/install/my_robot_description/share/ament_index/resource_index/package_run_dependencies/my_robot_description
[0.299s] -- Up-to-date: /home/sgq/ros2_workspace/install/my_robot_description/share/ament_index/resource_index/parent_prefix_path/my_robot_description
[0.299s] -- Up-to-date: /home/sgq/ros2_workspace/install/my_robot_description/share/my_robot_description/environment/ament_prefix_path.sh
[0.299s] -- Up-to-date: /home/sgq/ros2_workspace/install/my_robot_description/share/my_robot_description/environment/ament_prefix_path.dsv
[0.300s] -- Up-to-date: /home/sgq/ros2_workspace/install/my_robot_description/share/my_robot_description/environment/path.sh
[0.300s] -- Up-to-date: /home/sgq/ros2_workspace/install/my_robot_description/share/my_robot_description/environment/path.dsv
[0.300s] -- Up-to-date: /home/sgq/ros2_workspace/install/my_robot_description/share/my_robot_description/local_setup.bash
[0.300s] -- Up-to-date: /home/sgq/ros2_workspace/install/my_robot_description/share/my_robot_description/local_setup.sh
[0.300s] -- Up-to-date: /home/sgq/ros2_workspace/install/my_robot_description/share/my_robot_description/local_setup.zsh
[0.300s] -- Up-to-date: /home/sgq/ros2_workspace/install/my_robot_description/share/my_robot_description/local_setup.dsv
[0.300s] -- Up-to-date: /home/sgq/ros2_workspace/install/my_robot_description/share/my_robot_description/package.dsv
[0.300s] -- Up-to-date: /home/sgq/ros2_workspace/install/my_robot_description/share/ament_index/resource_index/packages/my_robot_description
[0.300s] -- Up-to-date: /home/sgq/ros2_workspace/install/my_robot_description/share/my_robot_description/cmake/my_robot_descriptionConfig.cmake
[0.300s] -- Up-to-date: /home/sgq/ros2_workspace/install/my_robot_description/share/my_robot_description/cmake/my_robot_descriptionConfig-version.cmake
[0.300s] -- Up-to-date: /home/sgq/ros2_workspace/install/my_robot_description/share/my_robot_description/package.xml
[0.301s] Invoked command in '/home/sgq/ros2_workspace/build/my_robot_description' returned '0': CMAKE_PREFIX_PATH=${CMAKE_PREFIX_PATH}:/home/sgq/ros2_ws/install/turtlesim_catch_them_all:/home/sgq/ros2_ws/install/my_py_pkg:/opt/ros/jazzy DEBUGINFOD_URLS=https://debuginfod.ubuntu.com /usr/bin/cmake --install /home/sgq/ros2_workspace/build/my_robot_description
