[0.010s] Invoking command in '/home/sgq/ros2_workspace/build/my_robot_description': CMAKE_PREFIX_PATH=${CMAKE_PREFIX_PATH}:/home/sgq/ros2_ws/install/turtlesim_catch_them_all:/home/sgq/ros2_ws/install/my_py_pkg:/opt/ros/jazzy DEBUGINFOD_URLS=https://debuginfod.ubuntu.com /usr/bin/cmake /home/sgq/ros2_workspace/src/my_robot_description -DAMENT_CMAKE_SYMLINK_INSTALL=1 -DCMAKE_INSTALL_PREFIX=/home/sgq/ros2_workspace/install/my_robot_description
[0.020s] -- Found ament_cmake: 2.5.3 (/opt/ros/jazzy/share/ament_cmake/cmake)
[0.173s] -- Override CMake install command with custom implementation using symlinks instead of copying resources
[0.238s] -- Configuring done (0.2s)
[0.239s] -- Generating done (0.0s)
[0.240s] -- Build files have been written to: /home/sgq/ros2_workspace/build/my_robot_description
[0.243s] Invoked command in '/home/sgq/ros2_workspace/build/my_robot_description' returned '0': CMAKE_PREFIX_PATH=${CMAKE_PREFIX_PATH}:/home/sgq/ros2_ws/install/turtlesim_catch_them_all:/home/sgq/ros2_ws/install/my_py_pkg:/opt/ros/jazzy DEBUGINFOD_URLS=https://debuginfod.ubuntu.com /usr/bin/cmake /home/sgq/ros2_workspace/src/my_robot_description -DAMENT_CMAKE_SYMLINK_INSTALL=1 -DCMAKE_INSTALL_PREFIX=/home/sgq/ros2_workspace/install/my_robot_description
[0.244s] Invoking command in '/home/sgq/ros2_workspace/build/my_robot_description': CMAKE_PREFIX_PATH=${CMAKE_PREFIX_PATH}:/home/sgq/ros2_ws/install/turtlesim_catch_them_all:/home/sgq/ros2_ws/install/my_py_pkg:/opt/ros/jazzy DEBUGINFOD_URLS=https://debuginfod.ubuntu.com /usr/bin/cmake --build /home/sgq/ros2_workspace/build/my_robot_description -- -j16 -l16
[0.282s] Invoked command in '/home/sgq/ros2_workspace/build/my_robot_description' returned '0': CMAKE_PREFIX_PATH=${CMAKE_PREFIX_PATH}:/home/sgq/ros2_ws/install/turtlesim_catch_them_all:/home/sgq/ros2_ws/install/my_py_pkg:/opt/ros/jazzy DEBUGINFOD_URLS=https://debuginfod.ubuntu.com /usr/bin/cmake --build /home/sgq/ros2_workspace/build/my_robot_description -- -j16 -l16
[0.292s] Invoking command in '/home/sgq/ros2_workspace/build/my_robot_description': CMAKE_PREFIX_PATH=${CMAKE_PREFIX_PATH}:/home/sgq/ros2_ws/install/turtlesim_catch_them_all:/home/sgq/ros2_ws/install/my_py_pkg:/opt/ros/jazzy DEBUGINFOD_URLS=https://debuginfod.ubuntu.com /usr/bin/cmake --install /home/sgq/ros2_workspace/build/my_robot_description
[0.299s] -- Install configuration: ""
[0.300s] -- Execute custom install script
[0.300s] -- Up-to-date symlink: /home/sgq/ros2_workspace/install/my_robot_description/share/my_robot_description//urdf/camera.xacro
[0.300s] -- Up-to-date symlink: /home/sgq/ros2_workspace/install/my_robot_description/share/my_robot_description//urdf/common_properties.xacro
[0.300s] -- Up-to-date symlink: /home/sgq/ros2_workspace/install/my_robot_description/share/my_robot_description//urdf/mobile_base.xacro
[0.300s] -- Up-to-date symlink: /home/sgq/ros2_workspace/install/my_robot_description/share/my_robot_description//urdf/mobile_base_gazebo.xacro
[0.300s] -- Up-to-date symlink: /home/sgq/ros2_workspace/install/my_robot_description/share/my_robot_description//urdf/my_robot.urdf.xacro
[0.300s] -- Up-to-date symlink: /home/sgq/ros2_workspace/install/my_robot_description/share/my_robot_description//launch/display.launch.py
[0.300s] -- Up-to-date symlink: /home/sgq/ros2_workspace/install/my_robot_description/share/my_robot_description//launch/display.launch.xml
[0.301s] -- Up-to-date symlink: /home/sgq/ros2_workspace/install/my_robot_description/share/my_robot_description//rviz/urdf_config.rviz
[0.301s] -- Up-to-date symlink: /home/sgq/ros2_workspace/install/my_robot_description/share/ament_index/resource_index/package_run_dependencies/my_robot_description
[0.301s] -- Up-to-date symlink: /home/sgq/ros2_workspace/install/my_robot_description/share/ament_index/resource_index/parent_prefix_path/my_robot_description
[0.301s] -- Up-to-date symlink: /home/sgq/ros2_workspace/install/my_robot_description/share/my_robot_description/environment/ament_prefix_path.sh
[0.301s] -- Up-to-date symlink: /home/sgq/ros2_workspace/install/my_robot_description/share/my_robot_description/environment/ament_prefix_path.dsv
[0.301s] -- Up-to-date symlink: /home/sgq/ros2_workspace/install/my_robot_description/share/my_robot_description/environment/path.sh
[0.301s] -- Up-to-date symlink: /home/sgq/ros2_workspace/install/my_robot_description/share/my_robot_description/environment/path.dsv
[0.301s] -- Up-to-date symlink: /home/sgq/ros2_workspace/install/my_robot_description/share/my_robot_description/local_setup.bash
[0.301s] -- Up-to-date symlink: /home/sgq/ros2_workspace/install/my_robot_description/share/my_robot_description/local_setup.sh
[0.301s] -- Up-to-date symlink: /home/sgq/ros2_workspace/install/my_robot_description/share/my_robot_description/local_setup.zsh
[0.301s] -- Up-to-date symlink: /home/sgq/ros2_workspace/install/my_robot_description/share/my_robot_description/local_setup.dsv
[0.302s] -- Symlinking: /home/sgq/ros2_workspace/install/my_robot_description/share/my_robot_description/package.dsv
[0.311s] -- Up-to-date symlink: /home/sgq/ros2_workspace/install/my_robot_description/share/ament_index/resource_index/packages/my_robot_description
[0.311s] -- Up-to-date symlink: /home/sgq/ros2_workspace/install/my_robot_description/share/my_robot_description/cmake/my_robot_descriptionConfig.cmake
[0.312s] -- Up-to-date symlink: /home/sgq/ros2_workspace/install/my_robot_description/share/my_robot_description/cmake/my_robot_descriptionConfig-version.cmake
[0.312s] -- Up-to-date symlink: /home/sgq/ros2_workspace/install/my_robot_description/share/my_robot_description/package.xml
[0.313s] Invoked command in '/home/sgq/ros2_workspace/build/my_robot_description' returned '0': CMAKE_PREFIX_PATH=${CMAKE_PREFIX_PATH}:/home/sgq/ros2_ws/install/turtlesim_catch_them_all:/home/sgq/ros2_ws/install/my_py_pkg:/opt/ros/jazzy DEBUGINFOD_URLS=https://debuginfod.ubuntu.com /usr/bin/cmake --install /home/sgq/ros2_workspace/build/my_robot_description
