[0.007s] Invoking command in '/home/sgq/ros2_workspace/build/my_robot_bringup': CMAKE_PREFIX_PATH=${CMAKE_PREFIX_PATH}:/home/sgq/ros2_ws/install/turtlesim_catch_them_all:/home/sgq/ros2_ws/install/my_py_pkg:/opt/ros/jazzy DEBUGINFOD_URLS=https://debuginfod.ubuntu.com /usr/bin/cmake /home/sgq/ros2_workspace/src/my_robot_bringup -DCMAKE_INSTALL_PREFIX=/home/sgq/ros2_workspace/install/my_robot_bringup
[0.094s] -- The C compiler identification is GNU 13.3.0
[0.174s] -- The CXX compiler identification is GNU 13.3.0
[0.194s] -- Detecting C compiler ABI info
[0.282s] -- Detecting C compiler ABI info - done
[0.287s] -- Check for working C compiler: /usr/bin/cc - skipped
[0.288s] -- Detecting C compile features
[0.288s] -- Detecting C compile features - done
[0.297s] -- Detecting CXX compiler ABI info
[0.387s] -- Detecting CXX compiler ABI info - done
[0.392s] -- Check for working CXX compiler: /usr/bin/c++ - skipped
[0.392s] -- Detecting CXX compile features
[0.393s] -- Detecting CXX compile features - done
[0.401s] -- Found ament_cmake: 2.5.3 (/opt/ros/jazzy/share/ament_cmake/cmake)
[0.532s] -- Found Python3: /usr/bin/python3 (found version "3.12.3") found components: Interpreter 
[0.714s] -- Configuring done (0.7s)
[0.716s] -- Generating done (0.0s)
[0.717s] -- Build files have been written to: /home/sgq/ros2_workspace/build/my_robot_bringup
[0.721s] Invoked command in '/home/sgq/ros2_workspace/build/my_robot_bringup' returned '0': CMAKE_PREFIX_PATH=${CMAKE_PREFIX_PATH}:/home/sgq/ros2_ws/install/turtlesim_catch_them_all:/home/sgq/ros2_ws/install/my_py_pkg:/opt/ros/jazzy DEBUGINFOD_URLS=https://debuginfod.ubuntu.com /usr/bin/cmake /home/sgq/ros2_workspace/src/my_robot_bringup -DCMAKE_INSTALL_PREFIX=/home/sgq/ros2_workspace/install/my_robot_bringup
[0.722s] Invoking command in '/home/sgq/ros2_workspace/build/my_robot_bringup': CMAKE_PREFIX_PATH=${CMAKE_PREFIX_PATH}:/home/sgq/ros2_ws/install/turtlesim_catch_them_all:/home/sgq/ros2_ws/install/my_py_pkg:/opt/ros/jazzy DEBUGINFOD_URLS=https://debuginfod.ubuntu.com /usr/bin/cmake --build /home/sgq/ros2_workspace/build/my_robot_bringup -- -j16 -l16
[0.762s] Invoked command in '/home/sgq/ros2_workspace/build/my_robot_bringup' returned '0': CMAKE_PREFIX_PATH=${CMAKE_PREFIX_PATH}:/home/sgq/ros2_ws/install/turtlesim_catch_them_all:/home/sgq/ros2_ws/install/my_py_pkg:/opt/ros/jazzy DEBUGINFOD_URLS=https://debuginfod.ubuntu.com /usr/bin/cmake --build /home/sgq/ros2_workspace/build/my_robot_bringup -- -j16 -l16
[0.763s] Invoking command in '/home/sgq/ros2_workspace/build/my_robot_bringup': CMAKE_PREFIX_PATH=${CMAKE_PREFIX_PATH}:/home/sgq/ros2_ws/install/turtlesim_catch_them_all:/home/sgq/ros2_ws/install/my_py_pkg:/opt/ros/jazzy DEBUGINFOD_URLS=https://debuginfod.ubuntu.com /usr/bin/cmake --install /home/sgq/ros2_workspace/build/my_robot_bringup
[0.770s] -- Install configuration: ""
[0.770s] -- Installing: /home/sgq/ros2_workspace/install/my_robot_bringup/share/my_robot_bringup//launch
[0.770s] -- Installing: /home/sgq/ros2_workspace/install/my_robot_bringup/share/my_robot_bringup//launch/my_robot_gazebo.launch.xml
[0.771s] -- Installing: /home/sgq/ros2_workspace/install/my_robot_bringup/share/ament_index/resource_index/package_run_dependencies/my_robot_bringup
[0.771s] -- Installing: /home/sgq/ros2_workspace/install/my_robot_bringup/share/ament_index/resource_index/parent_prefix_path/my_robot_bringup
[0.771s] -- Installing: /home/sgq/ros2_workspace/install/my_robot_bringup/share/my_robot_bringup/environment/ament_prefix_path.sh
[0.771s] -- Installing: /home/sgq/ros2_workspace/install/my_robot_bringup/share/my_robot_bringup/environment/ament_prefix_path.dsv
[0.771s] -- Installing: /home/sgq/ros2_workspace/install/my_robot_bringup/share/my_robot_bringup/environment/path.sh
[0.771s] -- Installing: /home/sgq/ros2_workspace/install/my_robot_bringup/share/my_robot_bringup/environment/path.dsv
[0.771s] -- Installing: /home/sgq/ros2_workspace/install/my_robot_bringup/share/my_robot_bringup/local_setup.bash
[0.771s] -- Installing: /home/sgq/ros2_workspace/install/my_robot_bringup/share/my_robot_bringup/local_setup.sh
[0.771s] -- Installing: /home/sgq/ros2_workspace/install/my_robot_bringup/share/my_robot_bringup/local_setup.zsh
[0.772s] -- Installing: /home/sgq/ros2_workspace/install/my_robot_bringup/share/my_robot_bringup/local_setup.dsv
[0.772s] -- Installing: /home/sgq/ros2_workspace/install/my_robot_bringup/share/my_robot_bringup/package.dsv
[0.772s] -- Installing: /home/sgq/ros2_workspace/install/my_robot_bringup/share/ament_index/resource_index/packages/my_robot_bringup
[0.772s] -- Installing: /home/sgq/ros2_workspace/install/my_robot_bringup/share/my_robot_bringup/cmake/my_robot_bringupConfig.cmake
[0.772s] -- Installing: /home/sgq/ros2_workspace/install/my_robot_bringup/share/my_robot_bringup/cmake/my_robot_bringupConfig-version.cmake
[0.772s] -- Installing: /home/sgq/ros2_workspace/install/my_robot_bringup/share/my_robot_bringup/package.xml
[0.774s] Invoked command in '/home/sgq/ros2_workspace/build/my_robot_bringup' returned '0': CMAKE_PREFIX_PATH=${CMAKE_PREFIX_PATH}:/home/sgq/ros2_ws/install/turtlesim_catch_them_all:/home/sgq/ros2_ws/install/my_py_pkg:/opt/ros/jazzy DEBUGINFOD_URLS=https://debuginfod.ubuntu.com /usr/bin/cmake --install /home/sgq/ros2_workspace/build/my_robot_bringup
